load csv
load patch
check bootstrap
[1,   100] loss: 0.033
[1,   200] loss: 0.025
[1,   300] loss: 0.031
[1,   400] loss: 0.028
[1,   500] loss: 0.028
[1,   600] loss: 0.028
[1,   700] loss: 0.025
[1,   800] loss: 0.030
[1,   900] loss: 0.028
[1,  1000] loss: 0.026
[1,  1100] loss: 0.028
[1,  1200] loss: 0.028
[1,  1300] loss: 0.022
[1,  1400] loss: 0.027
[1,  1500] loss: 0.025
[1,  1600] loss: 0.026
[1,  1700] loss: 0.026
[1,  1800] loss: 0.027
[1,  1900] loss: 0.030
[1,  2000] loss: 0.025
[1,  2100] loss: 0.026
[1,  2200] loss: 0.027
[1,  2300] loss: 0.026
[1,  2400] loss: 0.029
[1,  2500] loss: 0.026
[1,  2600] loss: 0.024
[1,  2700] loss: 0.027
[1,  2800] loss: 0.026
[1,  2900] loss: 0.028
[1,  3000] loss: 0.025
[1,  3100] loss: 0.026
[1,  3200] loss: 0.025
[1,  3300] loss: 0.024
[1,  3400] loss: 0.024
[1,  3500] loss: 0.029
[1,  3600] loss: 0.028
[1,  3700] loss: 0.030
[1,  3800] loss: 0.026
[1,  3900] loss: 0.031
[1,  4000] loss: 0.026
[1,  4100] loss: 0.025
[1,  4200] loss: 0.023
[1,  4300] loss: 0.029
[1,  4400] loss: 0.023
[1,  4500] loss: 0.022
[1,  4600] loss: 0.024
[1,  4700] loss: 0.026
[1,  4800] loss: 0.025
[1,  4900] loss: 0.027
[1,  5000] loss: 0.029
[1,  5100] loss: 0.025
[1,  5200] loss: 0.026
[1,  5300] loss: 0.026
[1,  5400] loss: 0.028
[1,  5500] loss: 0.030
[1,  5600] loss: 0.027
[1,  5700] loss: 0.027
[1,  5800] loss: 0.022
[1,  5900] loss: 0.028
[1,  6000] loss: 0.025
[1,  6100] loss: 0.028
[1,  6200] loss: 0.021
[1,  6300] loss: 0.024
[1,  6400] loss: 0.026
[1,  6500] loss: 0.028
[1,  6600] loss: 0.023
[1,  6700] loss: 0.029
[1,  6800] loss: 0.021
[1,  6900] loss: 0.029
[1,  7000] loss: 0.027
[1,  7100] loss: 0.026
[1,  7200] loss: 0.023
[1,  7300] loss: 0.027
[1,  7400] loss: 0.027
[1,  7500] loss: 0.024
[1,  7600] loss: 0.024
[1,  7700] loss: 0.030
[1,  7800] loss: 0.026
[1,  7900] loss: 0.026
[1,  8000] loss: 0.018
[1,  8100] loss: 0.026
[1,  8200] loss: 0.024
[1,  8300] loss: 0.031
[1,  8400] loss: 0.028
[1,  8500] loss: 0.031
[1,  8600] loss: 0.027
[1,  8700] loss: 0.026
[1,  8800] loss: 0.025
[1,  8900] loss: 0.026
[1,  9000] loss: 0.024
[1,  9100] loss: 0.027
[1,  9200] loss: 0.025
[1,  9300] loss: 0.025
[1,  9400] loss: 0.021
[1,  9500] loss: 0.025
[1,  9600] loss: 0.024
[1,  9700] loss: 0.028
[1,  9800] loss: 0.027
[1,  9900] loss: 0.026
[1, 10000] loss: 0.023
[1, 10100] loss: 0.027
[1, 10200] loss: 0.027
[1, 10300] loss: 0.032
[1, 10400] loss: 0.027
[1, 10500] loss: 0.027
[1, 10600] loss: 0.029
[1, 10700] loss: 0.026
[1, 10800] loss: 0.027
[1, 10900] loss: 0.033
[1, 11000] loss: 0.028
[1, 11100] loss: 0.029
[1, 11200] loss: 0.026
[1, 11300] loss: 0.033
[1, 11400] loss: 0.029
[1, 11500] loss: 0.023
[1, 11600] loss: 0.026
[1, 11700] loss: 0.029
[1, 11800] loss: 0.027
[1, 11900] loss: 0.028
[1, 12000] loss: 0.023
[1, 12100] loss: 0.023
[1, 12200] loss: 0.026
[1, 12300] loss: 0.030
[1, 12400] loss: 0.029
[1, 12500] loss: 0.024
[1, 12600] loss: 0.025
[1, 12700] loss: 0.027
[1, 12800] loss: 0.025
[1, 12900] loss: 0.026
[1, 13000] loss: 0.028
[1, 13100] loss: 0.026
[1, 13200] loss: 0.027
[1, 13300] loss: 0.025
[1, 13400] loss: 0.029
[1, 13500] loss: 0.025
[1, 13600] loss: 0.024
[1, 13700] loss: 0.028
[1, 13800] loss: 0.031
[1, 13900] loss: 0.028
[1, 14000] loss: 0.025
[1, 14100] loss: 0.030
[1, 14200] loss: 0.028
[1, 14300] loss: 0.033
[1, 14400] loss: 0.025
[1, 14500] loss: 0.027
[1, 14600] loss: 0.023
[1, 14700] loss: 0.024
[1, 14800] loss: 0.030
[1, 14900] loss: 0.026
[1, 15000] loss: 0.024
[1, 15100] loss: 0.026
[1, 15200] loss: 0.026
[1, 15300] loss: 0.028
[1, 15400] loss: 0.028
[1, 15500] loss: 0.029
[1, 15600] loss: 0.026
[1, 15700] loss: 0.024
[1, 15800] loss: 0.027
[1, 15900] loss: 0.024
[1, 16000] loss: 0.029
[1, 16100] loss: 0.028
[1, 16200] loss: 0.028
[1, 16300] loss: 0.024
0.21225490196078434 0.5 0.0 0.0 0.0
[2,   100] loss: 0.024
[2,   200] loss: 0.023
[2,   300] loss: 0.029
[2,   400] loss: 0.027
[2,   500] loss: 0.027
[2,   600] loss: 0.026
[2,   700] loss: 0.026
[2,   800] loss: 0.030
[2,   900] loss: 0.026
[2,  1000] loss: 0.026
[2,  1100] loss: 0.028
[2,  1200] loss: 0.027
[2,  1300] loss: 0.021
[2,  1400] loss: 0.027
[2,  1500] loss: 0.025
[2,  1600] loss: 0.025
[2,  1700] loss: 0.024
[2,  1800] loss: 0.027
[2,  1900] loss: 0.030
[2,  2000] loss: 0.026
[2,  2100] loss: 0.025
[2,  2200] loss: 0.028
[2,  2300] loss: 0.024
[2,  2400] loss: 0.028
[2,  2500] loss: 0.026
[2,  2600] loss: 0.024
[2,  2700] loss: 0.027
[2,  2800] loss: 0.026
[2,  2900] loss: 0.028
[2,  3000] loss: 0.025
[2,  3100] loss: 0.025
[2,  3200] loss: 0.022
[2,  3300] loss: 0.023
[2,  3400] loss: 0.024
[2,  3500] loss: 0.027
[2,  3600] loss: 0.026
[2,  3700] loss: 0.030
[2,  3800] loss: 0.025
[2,  3900] loss: 0.029
[2,  4000] loss: 0.025
[2,  4100] loss: 0.025
[2,  4200] loss: 0.023
[2,  4300] loss: 0.028
[2,  4400] loss: 0.024
[2,  4500] loss: 0.023
[2,  4600] loss: 0.024
[2,  4700] loss: 0.026
[2,  4800] loss: 0.024
[2,  4900] loss: 0.026
[2,  5000] loss: 0.029
[2,  5100] loss: 0.025
[2,  5200] loss: 0.026
[2,  5300] loss: 0.026
[2,  5400] loss: 0.029
[2,  5500] loss: 0.030
[2,  5600] loss: 0.027
[2,  5700] loss: 0.026
[2,  5800] loss: 0.021
[2,  5900] loss: 0.028
[2,  6000] loss: 0.024
[2,  6100] loss: 0.028
[2,  6200] loss: 0.022
[2,  6300] loss: 0.023
[2,  6400] loss: 0.025
[2,  6500] loss: 0.028
[2,  6600] loss: 0.023
[2,  6700] loss: 0.028
[2,  6800] loss: 0.021
[2,  6900] loss: 0.028
[2,  7000] loss: 0.027
[2,  7100] loss: 0.025
[2,  7200] loss: 0.024
[2,  7300] loss: 0.027
[2,  7400] loss: 0.026
[2,  7500] loss: 0.024
[2,  7600] loss: 0.024
[2,  7700] loss: 0.030
[2,  7800] loss: 0.025
[2,  7900] loss: 0.026
[2,  8000] loss: 0.018
[2,  8100] loss: 0.026
[2,  8200] loss: 0.024
[2,  8300] loss: 0.031
[2,  8400] loss: 0.027
[2,  8500] loss: 0.031
[2,  8600] loss: 0.027
[2,  8700] loss: 0.026
[2,  8800] loss: 0.024
[2,  8900] loss: 0.027
[2,  9000] loss: 0.024
[2,  9100] loss: 0.027
[2,  9200] loss: 0.025
[2,  9300] loss: 0.025
[2,  9400] loss: 0.021
[2,  9500] loss: 0.025
[2,  9600] loss: 0.024
[2,  9700] loss: 0.028
[2,  9800] loss: 0.026
[2,  9900] loss: 0.026
[2, 10000] loss: 0.022
[2, 10100] loss: 0.028
[2, 10200] loss: 0.028
[2, 10300] loss: 0.032
[2, 10400] loss: 0.027
[2, 10500] loss: 0.028
[2, 10600] loss: 0.029
[2, 10700] loss: 0.025
[2, 10800] loss: 0.029
[2, 10900] loss: 0.029
[2, 11000] loss: 0.025
[2, 11100] loss: 0.028
[2, 11200] loss: 0.026
[2, 11300] loss: 0.028
[2, 11400] loss: 0.028
[2, 11500] loss: 0.023
[2, 11600] loss: 0.025
[2, 11700] loss: 0.027
[2, 11800] loss: 0.026
[2, 11900] loss: 0.028
[2, 12000] loss: 0.022
[2, 12100] loss: 0.024
[2, 12200] loss: 0.025
[2, 12300] loss: 0.029
[2, 12400] loss: 0.028
[2, 12500] loss: 0.024
[2, 12600] loss: 0.025
[2, 12700] loss: 0.027
[2, 12800] loss: 0.026
[2, 12900] loss: 0.025
[2, 13000] loss: 0.028
[2, 13100] loss: 0.025
[2, 13200] loss: 0.027
[2, 13300] loss: 0.025
[2, 13400] loss: 0.028
[2, 13500] loss: 0.026
[2, 13600] loss: 0.023
[2, 13700] loss: 0.027
[2, 13800] loss: 0.030
[2, 13900] loss: 0.029
[2, 14000] loss: 0.025
[2, 14100] loss: 0.029
[2, 14200] loss: 0.028
[2, 14300] loss: 0.033
[2, 14400] loss: 0.024
[2, 14500] loss: 0.026
[2, 14600] loss: 0.023
[2, 14700] loss: 0.024
[2, 14800] loss: 0.030
[2, 14900] loss: 0.026
[2, 15000] loss: 0.024
[2, 15100] loss: 0.026
[2, 15200] loss: 0.026
[2, 15300] loss: 0.028
[2, 15400] loss: 0.028
[2, 15500] loss: 0.028
[2, 15600] loss: 0.025
[2, 15700] loss: 0.024
[2, 15800] loss: 0.026
[2, 15900] loss: 0.024
[2, 16000] loss: 0.029
[2, 16100] loss: 0.028
[2, 16200] loss: 0.030
[2, 16300] loss: 0.024
0.21225490196078434 0.5 0.0 0.0 0.0
[3,   100] loss: 0.024
[3,   200] loss: 0.022
[3,   300] loss: 0.030
[3,   400] loss: 0.027
[3,   500] loss: 0.027
[3,   600] loss: 0.024
[3,   700] loss: 0.025
[3,   800] loss: 0.030
[3,   900] loss: 0.026
[3,  1000] loss: 0.026
[3,  1100] loss: 0.028
[3,  1200] loss: 0.027
[3,  1300] loss: 0.021
[3,  1400] loss: 0.027
[3,  1500] loss: 0.024
[3,  1600] loss: 0.024
[3,  1700] loss: 0.025
[3,  1800] loss: 0.027
[3,  1900] loss: 0.031
[3,  2000] loss: 0.026
[3,  2100] loss: 0.027
[3,  2200] loss: 0.027
[3,  2300] loss: 0.025
[3,  2400] loss: 0.028
[3,  2500] loss: 0.026
[3,  2600] loss: 0.025load csv
load patch
check bootstrap
[1,  1000] loss: 0.078	0.26663488149642944
[1,  2000] loss: 0.100	0.07467439770698547
[1,  3000] loss: 0.144	0.281011700630188
[1,  4000] loss: 0.439	0.015487284399569035
[1,  5000] loss: 0.086	0.23500803112983704
[1,  6000] loss: 0.083	0.3995167016983032
[1,  7000] loss: 0.065	0.1457003653049469
0.7986767485822306 1.0 0.0 0.7986767485822306 nan 0.8880714661061482
[2,  1000] loss: 0.118	0.0952322781085968
[2,  2000] loss: 0.084	0.349619597196579
[2,  3000] loss: 0.073	0.3134894371032715
[2,  4000] loss: 0.217	0.14012953639030457
[2,  5000] loss: 0.067	0.06154936924576759
[2,  6000] loss: 0.099	0.4249560832977295
[2,  7000] loss: 0.117	0.18624185025691986
0.7986767485822306 1.0 0.0 0.7986767485822306 nan 0.8880714661061482
[3,  1000] loss: 0.078	0.029046854004263878
[3,  2000] loss: 0.121	0.4267631769180298
[3,  3000] loss: 0.167	0.1883285492658615
[3,  4000] loss: 0.075	0.38180243968963623
[3,  5000] loss: 0.077	0.9874110817909241
[3,  6000] loss: 0.062	0.3579072952270508
[3,  7000] loss: 0.066	0.2110639363527298
0.7986767485822306 1.0 0.0 0.7986767485822306 nan 0.8880714661061482
[4,  1000] loss: 0.249	0.03365891054272652
[4,  2000] loss: 0.070	0.36453452706336975
[4,  3000] loss: 0.084	0.27889540791511536
[4,  4000] loss: 0.088	5.266544342041016
[4,  5000] loss: 0.078	0.27597755193710327
[4,  6000] loss: 0.090	0.3412337601184845
[4,  7000] loss: 0.086	0.18933901190757751
0.7986767485822306 1.0 0.0 0.7986767485822306 nan 0.8880714661061482
[5,  1000] loss: 0.145	0.10056358575820923
[5,  2000] loss: 0.065	0.3098224997520447
[5,  3000] loss: 0.078	0.20332176983356476
[5,  4000] loss: 0.115	0.10077723115682602
[5,  5000] loss: 0.066	0.19600369036197662
[5,  6000] loss: 0.062	0.13068677484989166
[5,  7000] loss: 0.253	0.14049483835697174
0.7689035916824196 0.9508875739644971 0.046948356807511735 0.7983109786388475 0.1941747572815534 0.8679449095328112
[6,  1000] loss: 0.067	1.6212332411669195e-05
[6,  2000] loss: 0.238	0.6552481055259705
[6,  3000] loss: 0.084	0.17465715110301971
[6,  4000] loss: 0.058	0.3795904219150543
[6,  5000] loss: 0.056	0.2559320628643036
[6,  6000] loss: 0.080	5.067611217498779
[6,  7000] loss: 0.299	0.004274161532521248
0.7967863894139886 0.9976331360946745 0.0 0.7982954545454546 0.0 0.8869016307206733
[7,  1000] loss: 0.068	0.21012738347053528
[7,  2000] loss: 0.075	0.2901522219181061
[7,  3000] loss: 0.060	0.27511700987815857
[7,  4000] loss: 0.367	1.9441425800323486
[7,  5000] loss: 0.094	0.22576062381267548
[7,  6000] loss: 0.081	0.13989387452602386
[7,  7000] loss: 0.073	0.0
0.7991493383742911 0.9982248520710059 0.009389671361502348 0.7999051683262209 0.5714285714285714 0.8881284548565411
[8,  1000] loss: 0.072	0.021923918277025223
[8,  2000] loss: 0.322	0.313730388879776
[8,  3000] loss: 0.067	0.5313960313796997
[8,  4000] loss: 0.089	0.4110097885131836
[8,  5000] loss: 0.069	0.08904404193162918
[8,  6000] loss: 0.351	0.19906915724277496
[8,  7000] loss: 0.070	0.05967678129673004
0.7835538752362949 0.9739644970414201 0.028169014084507043 0.7990291262135922 0.21428571428571427 0.8778666666666666
[9,  1000] loss: 0.544	0.0
[9,  2000] loss: 0.281	1.5569939613342285
[9,  3000] loss: 0.722	0.05401507019996643
[9,  4000] loss: 0.096	0.2818911075592041
[9,  5000] loss: 0.152	2.9802276912960224e-06
[9,  6000] loss: 0.104	1.7854145765304565
[9,  7000] loss: 0.082	0.006518885027617216
0.7977315689981096 0.9982248520710059 0.002347417840375587 0.7987689393939394 0.25 0.8874276696475539
[10,  1000] loss: 0.077	0.00016819016309455037
[10,  2000] loss: 0.113	0.3688082695007324
[10,  3000] loss: 0.087	0.5737436413764954
[10,  4000] loss: 0.082	0.38248544931411743
[10,  5000] loss: 0.066	0.25883418321609497
[10,  6000] loss: 0.112	0.33523550629615784
[10,  7000] loss: 0.078	0.0015072186943143606
0.7986767485822306 1.0 0.0 0.7986767485822306 nan 0.8880714661061482
[11,  1000] loss: 0.064	0.26006919145584106
[11,  2000] loss: 0.083	0.3240664601325989
[11,  3000] loss: 0.059	0.2835841476917267
[11,  4000] loss: 0.128	0.5571494102478027
[11,  5000] loss: 0.074	0.23384657502174377
[11,  6000] loss: 0.084	0.2177743762731552
[11,  7000] loss: 0.139	2.3841855067985307e-07
0.7986767485822306 1.0 0.0 0.7986767485822306 nan 0.8880714661061482
[12,  1000] loss: 0.066	0.17215529084205627
[12,  2000] loss: 0.072	0.2334526628255844
[12,  3000] loss: 0.090	0.2854324281215668
[12,  4000] loss: 0.098	0.2195051610469818
[12,  5000] loss: 0.070	0.3500257432460785
[12,  6000] loss: 0.078	0.3054138422012329
[12,  7000] loss: 0.066	1.645074735279195e-05
0.7977315689981096 0.9976331360946745 0.004694835680751174 0.7990521327014218 0.3333333333333333 0.8873684210526316
[13,  1000] loss: 0.091	0.006716059520840645
[13,  2000] loss: 0.910	0.15214213728904724
[13,  3000] loss: 0.071	0.2073759138584137
[13,  4000] loss: 0.129	1.57049560546875
[13,  5000] loss: 0.207	0.4231066107749939
[13,  6000] loss: 0.532	2.363833427429199
[13,  7000] loss: 0.161	0.00018380382971372455
0.7821361058601134 0.9745562130177515 0.018779342723004695 0.7975786924939468 0.1568627450980392 0.8772303595206391
[14,  1000] loss: 0.083	0.1381768435239792
[14,  2000] loss: 0.115	0.42735132575035095
[14,  3000] loss: 0.068	0.48284846544265747
[14,  4000] loss: 0.098	0.6289629936218262
[14,  5000] loss: 0.098	0.12800024449825287
[14,  6000] loss: 0.072	0.4024046063423157
[14,  7000] loss: 0.136	0.2751994729042053
0.7986767485822306 1.0 0.0 0.7986767485822306 nan 0.8880714661061482
[15,  1000] loss: 0.060	0.19882801175117493
[15,  2000] loss: 0.145	0.2516481578350067
[15,  3000] loss: 0.121	0.3741092085838318
[15,  4000] loss: 0.067	0.3652934730052948
[15,  5000] loss: 0.080	0.12086352705955505
[15,  6000] loss: 0.063	0.31952905654907227
[15,  7000] loss: 0.137	0.0
0.20321361058601134 0.0035502958579881655 0.9953051643192489 0.75 0.20113851992409867 0.007067137809187279
[16,  1000] loss: 0.062	0.0028561060316860676
[16,  2000] loss: 0.095	0.3329431116580963
[16,  3000] loss: 0.072	0.3133918344974518
[16,  4000] loss: 0.077	0.33001136779785156
[16,  5000] loss: 0.063	0.23773612082004547
[16,  6000] loss: 0.074	0.1718452423810959
[16,  7000] loss: 0.151	0.1740780621767044
0.7986767485822306 1.0 0.0 0.7986767485822306 nan 0.8880714661061482
[17,  1000] loss: 0.056	0.2721641957759857
[17,  2000] loss: 0.128	0.39227163791656494
[17,  3000] loss: 0.063	0.28825995326042175
[17,  4000] loss: 0.073	0.25067687034606934
[17,  5000] loss: 0.084	0.27137017250061035
[17,  6000] loss: 0.072	0.18269117176532745
[17,  7000] loss: 0.075	0.11075364798307419
0.7986767485822306 1.0 0.0 0.7986767485822306 nan 0.8880714661061482
[18,  1000] loss: 0.072	0.06754237413406372
[18,  2000] loss: 0.075	0.9910148978233337
[18,  3000] loss: 0.092	0.27899280190467834
[18,  4000] loss: 0.058	0.27756306529045105
[18,  5000] loss: 0.097	0.18140515685081482
[18,  6000] loss: 0.059	0.28116828203201294
[18,  7000] loss: 0.071	0.0018036778783425689
0.7986767485822306 1.0 0.0 0.7986767485822306 nan 0.8880714661061482
[19,  1000] loss: 0.054	0.2325018048286438
[19,  2000] loss: 0.078	0.0010157431242987514
[19,  3000] loss: 0.067	0.27762556076049805
[19,  4000] loss: 0.126	2.1930863857269287
[19,  5000] loss: 0.106	0.185713991522789
[19,  6000] loss: 0.065	0.237278014421463
[19,  7000] loss: 0.071	0.0037783440202474594
0.7977315689981096 0.9988165680473373 0.0 0.7984862819299905 0.0 0.8874868559411145
[20,  1000] loss: 0.105	0.3343958258628845
[20,  2000] loss: 0.087	0.31201884150505066
[20,  3000] loss: 0.061	0.2793951630592346
[20,  4000] loss: 0.122	0.4379158318042755
[20,  5000] loss: 0.071	0.2838725447654724
[20,  6000] loss: 0.061	0.3960425853729248
[20,  7000] loss: 0.067	0.18562854826450348
0.7986767485822306 1.0 0.0 0.7986767485822306 nan 0.8880714661061482
[21,  1000] loss: 0.061	0.09452755749225616
[21,  2000] loss: 0.084	0.702867865562439
[21,  3000] loss: 0.086	9.375420570373535
[21,  4000] loss: 0.085	0.39737680554389954
[21,  5000] loss: 0.102	0.23353081941604614
[21,  6000] loss: 0.066	0.2928815186023712
[21,  7000] loss: 0.062	9.452849917579442e-05
0.5855387523629489 0.6372781065088757 0.38028169014084506 0.8031319910514542 0.20903225806451614 0.7106565489937313
[22,  1000] loss: 0.072	0.33241036534309387
[22,  2000] loss: 0.106	0.2795965373516083
[22,  3000] loss: 0.068	0.18862584233283997
[22,  4000] loss: 0.082	0.5950905084609985
[22,  5000] loss: 0.076	0.11712287366390228
[22,  6000] loss: 0.062	0.24145573377609253
[22,  7000] loss: 0.069	0.00031728477915748954
0.7986767485822306 1.0 0.0 0.7986767485822306 nan 0.8880714661061482
[23,  1000] loss: 0.055	0.10751184821128845
[23,  2000] loss: 0.925	1.098565697669983
[23,  3000] loss: 0.093	0.7926788926124573
[23,  4000] loss: 0.081	0.28541746735572815
[23,  5000] loss: 0.068	0.41957953572273254
[23,  6000] loss: 0.074	0.21130281686782837
[23,  7000] loss: 0.087	0.0005667987279593945
0.7986767485822306 1.0 0.0 0.7986767485822306 nan 0.8880714661061482
[24,  1000] loss: 0.065	0.001416751998476684
[24,  2000] loss: 0.108	17.056190490722656
[24,  3000] loss: 0.090	0.29010146856307983
[24,  4000] loss: 0.087	0.32878053188323975
[24,  5000] loss: 0.062	0.22495712339878082
[24,  6000] loss: 0.088	0.17716874182224274
[24,  7000] loss: 0.134	0.28196269273757935
0.7948960302457467 0.9911242603550295 0.01643192488262911 0.7999044890162369 0.3181818181818182 0.885306553911205
[25,  1000] loss: 0.090	0.05707345902919769
[25,  2000] loss: 0.068	0.3378417491912842
[25,  3000] loss: 0.074	0.2504984438419342
[25,  4000] loss: 0.086	0.628260612487793
[25,  5000] loss: 0.075	0.1755070835351944
[25,  6000] loss: 0.071	0.26726654171943665
[25,  7000] loss: 0.158	0.2538314163684845
0.751890359168242 0.9201183431952663 0.08450704225352113 0.7994858611825193 0.21052631578947367 0.8555708390646493
[26,  1000] loss: 0.146	0.11810034513473511
[26,  2000] loss: 0.073	0.3022492229938507
[26,  3000] loss: 0.061	0.4676586389541626
[26,  4000] loss: 0.148	0.3590303063392639
[26,  5000] loss: 0.059	0.26286643743515015
[26,  6000] loss: 0.063	0.3241442143917084
[26,  7000] loss: 0.066	0.19627921283245087
0.7013232514177694 0.8431952662721893 0.13849765258215962 0.7952008928571429 0.18209876543209877 0.8184951177484205
[27,  1000] loss: 0.092	0.2620381712913513
[27,  2000] loss: 0.055	0.2917090952396393
[27,  3000] loss: 0.237	0.3315258324146271
[27,  4000] loss: 0.139	0.37936848402023315
[27,  5000] loss: 0.063	0.2048259973526001
[27,  6000] loss: 0.063	0.26143625378608704
[27,  7000] loss: 0.070	0.0
0.7991493383742911 0.9994082840236687 0.004694835680751174 0.7993374349266446 0.6666666666666666 0.8882461214830397
[28,  1000] loss: 0.083	0.26545587182044983
[28,  2000] loss: 0.061	0.46982622146606445
[28,  3000] loss: 0.171	0.015199903398752213
[28,  4000] loss: 0.064	0.033791571855545044
[28,  5000] loss: 0.244	0.06140408664941788
[28,  6000] loss: 0.085	0.31499335169792175
[28,  7000] loss: 0.061	0.0005465444410219789
0.7986767485822306 0.9994082840236687 0.002347417840375587 0.7989593188268685 0.5 0.88801261829653
[29,  1000] loss: 0.110	0.10459938645362854
[29,  2000] loss: 0.101	0.056688759475946426
[29,  3000] loss: 0.083	0.2759242653846741
[29,  4000] loss: 0.089	0.3219829499721527
[29,  5000] loss: 0.073	0.31632423400878906
[29,  6000] loss: 0.072	0.2887522578239441
[29,  7000] loss: 0.091	0.00011419598013162613
0.7986767485822306 1.0 0.0 0.7986767485822306 nan 0.8880714661061482
[30,  1000] loss: 0.064	0.20877712965011597
[30,  2000] loss: 0.178	13.513339042663574
[30,  3000] loss: 0.187	0.4377947151660919
[30,  4000] loss: 0.175	13.529607772827148
[30,  5000] loss: 0.218	0.16813740134239197
[30,  6000] loss: 0.066	0.30621957778930664
[30,  7000] loss: 0.064	0.17022527754306793
0.7986767485822306 1.0 0.0 0.7986767485822306 nan 0.8880714661061482
[31,  1000] loss: 0.058	0.23309458792209625
[31,  2000] loss: 0.073	0.4498180150985718
[31,  3000] loss: 0.074	0.27702435851097107
[31,  4000] loss: 0.122	0.573806643486023
[31,  5000] loss: 0.077	0.2221584916114807
[31,  6000] loss: 0.077	0.39158836007118225
[31,  7000] loss: 0.077	0.23235298693180084
0.7986767485822306 1.0 0.0 0.7986767485822306 nan 0.8880714661061482
[32,  1000] loss: 0.104	0.02520662732422352
[32,  2000] loss: 0.072	0.21522857248783112
[32,  3000] loss: 0.068	0.3033626973628998
[32,  4000] loss: 0.096	7.211902266135439e-05
[32,  5000] loss: 0.076	0.21464289724826813
[32,  6000] loss: 0.077	0.13138842582702637
[32,  7000] loss: 0.117	0.24321185052394867
0.7986767485822306 1.0 0.0 0.7986767485822306 nan 0.8880714661061482
[33,  1000] loss: 0.184	0.030776051804423332
[33,  2000] loss: 0.256	0.6652100682258606
[33,  3000] loss: 0.089	0.4316582977771759
[33,  4000] loss: 0.087	0.5501808524131775
[33,  5000] loss: 0.076	0.05779854208230972
[33,  6000] loss: 0.067	0.31782081723213196
[33,  7000] loss: 0.057	0.2263641655445099
0.4224952741020794 0.3680473372781065 0.6384976525821596 0.8015463917525774 0.20298507462686566 0.5044606650446066
[34,  1000] loss: 0.071	0.25195610523223877
[34,  2000] loss: 0.098	0.35328415036201477
[34,  3000] loss: 0.056	0.2650376260280609
[34,  4000] loss: 0.057	0.2858750820159912
[34,  5000] loss: 0.066	0.23533998429775238
[34,  6000] loss: 0.062	0.25641414523124695
[34,  7000] loss: 0.056	0.25474920868873596
0.7986767485822306 1.0 0.0 0.7986767485822306 nan 0.8880714661061482
[35,  1000] loss: 0.061	0.037311162799596786
[35,  2000] loss: 0.193	0.5277289748191833
[35,  3000] loss: 0.063	0.34799090027809143
[35,  4000] loss: 0.401	0.15053534507751465
[35,  5000] loss: 0.125	0.11267601698637009
[35,  6000] loss: 0.084	0.15596799552440643
[35,  7000] loss: 0.087	0.0
0.7991493383742911 0.9994082840236687 0.004694835680751174 0.7993374349266446 0.6666666666666666 0.8882461214830397
[36,  1000] loss: 0.061	0.053447380661964417
[36,  2000] loss: 0.063	0.7332372665405273
[36,  3000] loss: 0.057	0.2645164728164673
[36,  4000] loss: 0.063	0.442776620388031
[36,  5000] loss: 0.057	0.2558535039424896
[36,  6000] loss: 0.081	0.2823043167591095
[36,  7000] loss: 0.337	0.0001902399235405028
0.7991493383742911 0.9988165680473373 0.007042253521126761 0.7996210326859309 0.6 0.8881873191265457
[37,  1000] loss: 0.060	0.45781177282333374
[37,  2000] loss: 0.086	0.40733954310417175
[37,  3000] loss: 0.490	1.5904314517974854
[37,  4000] loss: 0.129	0.17924714088439941
[37,  5000] loss: 0.136	0.3494872450828552
[37,  6000] loss: 0.065	0.18673233687877655
[37,  7000] loss: 0.075	0.04489438608288765
0.7977315689981096 0.9988165680473373 0.0 0.7984862819299905 0.0 0.8874868559411145
[38,  1000] loss: 0.091	0.04167497903108597
[38,  2000] loss: 0.074	0.4395168125629425
[38,  3000] loss: 0.111	0.2327016144990921
[38,  4000] loss: 0.098	1.6404922008514404
[38,  5000] loss: 0.096	0.08197405189275742
[38,  6000] loss: 0.078	0.21902388334274292
[38,  7000] loss: 0.140	1.0847986231965479e-05
0.696124763705104 0.8301775147928994 0.1643192488262911 0.7976122797043775 0.19607843137254902 0.8135691504783995
[39,  1000] loss: 0.074	0.18792401254177094
[39,  2000] loss: 0.071	0.32676392793655396
[39,  3000] loss: 0.075	0.2196556180715561
[39,  4000] loss: 0.094	0.42909377813339233
[39,  5000] loss: 0.439	5.960462772236497e-07
[39,  6000] loss: 0.184	1.953413486480713
[39,  7000] loss: 0.196	0.005199125502258539
0.7977315689981096 0.9988165680473373 0.0 0.7984862819299905 0.0 0.8874868559411145
[40,  1000] loss: 0.150	0.3666650056838989
[40,  2000] loss: 0.122	0.41628965735435486
[40,  3000] loss: 0.499	0.038684550672769547
[40,  4000] loss: 0.325	1.9118860960006714
[40,  5000] loss: 0.153	0.00654458487406373
[40,  6000] loss: 0.107	0.3186902105808258
[40,  7000] loss: 0.492	0.17459547519683838
0.7906427221172023 0.9893491124260355 0.002347417840375587 0.7973295183595612 0.05263157894736842 0.8830208608397148
[41,  1000] loss: 0.096	0.05372341349720955
[41,  2000] loss: 0.082	11.54694652557373
[41,  3000] loss: 0.096	0.36396151781082153
[41,  4000] loss: 0.093	0.40255582332611084
[41,  5000] loss: 0.071	0.03131839632987976
[41,  6000] loss: 0.130	0.2532278597354889
[41,  7000] loss: 0.278	0.04205567017197609
0.7963137996219282 0.9970414201183432 0.0 0.7981999052581715 0.0 0.8866087871612733
[42,  1000] loss: 0.240	0.015347008593380451
[42,  2000] loss: 0.498	1.3412280082702637
[42,  3000] loss: 0.119	0.6807418465614319
[42,  4000] loss: 0.385	0.007981430739164352
[42,  5000] loss: 0.184	7.056941103655845e-05
[42,  6000] loss: 0.110	0.4601818323135376